[debug] [2022-07-27T20:42:38.702Z] ----------------------------------------------------------------------
[debug] [2022-07-27T20:42:38.703Z] Command:       /Users/kartikyadav/.nvm/versions/node/v16.14.2/bin/node /Users/kartikyadav/.nvm/versions/node/v16.14.2/bin/firebase deploy
[debug] [2022-07-27T20:42:38.703Z] CLI Version:   11.3.0
[debug] [2022-07-27T20:42:38.703Z] Platform:      darwin
[debug] [2022-07-27T20:42:38.703Z] Node Version:  v16.14.2
[debug] [2022-07-27T20:42:38.707Z] Time:          Thu Jul 28 2022 02:12:38 GMT+0530 (India Standard Time)
[debug] [2022-07-27T20:42:38.707Z] ----------------------------------------------------------------------
[debug] 
[debug] [2022-07-27T20:42:38.739Z] > command requires scopes: ["email","openid","https://www.googleapis.com/auth/cloudplatformprojects.readonly","https://www.googleapis.com/auth/firebase","https://www.googleapis.com/auth/cloud-platform"]
[debug] [2022-07-27T20:42:38.739Z] > authorizing via signed-in user (yadavkartik94@gmail.com)
[debug] [2022-07-27T20:42:38.739Z] [iam] checking project kartik-weds-ruby for permissions ["firebase.projects.get","firebasehosting.sites.update"]
[debug] [2022-07-27T20:42:38.740Z] >>> [apiv2][query] POST https://cloudresourcemanager.googleapis.com/v1/projects/kartik-weds-ruby:testIamPermissions [none]
[debug] [2022-07-27T20:42:38.740Z] >>> [apiv2][body] POST https://cloudresourcemanager.googleapis.com/v1/projects/kartik-weds-ruby:testIamPermissions {"permissions":["firebase.projects.get","firebasehosting.sites.update"]}
[debug] [2022-07-27T20:42:40.211Z] <<< [apiv2][status] POST https://cloudresourcemanager.googleapis.com/v1/projects/kartik-weds-ruby:testIamPermissions 200
[debug] [2022-07-27T20:42:40.211Z] <<< [apiv2][body] POST https://cloudresourcemanager.googleapis.com/v1/projects/kartik-weds-ruby:testIamPermissions {"permissions":["firebase.projects.get","firebasehosting.sites.update"]}
[debug] [2022-07-27T20:42:40.212Z] >>> [apiv2][query] GET https://firebase.googleapis.com/v1beta1/projects/kartik-weds-ruby [none]
[debug] [2022-07-27T20:42:41.232Z] <<< [apiv2][status] GET https://firebase.googleapis.com/v1beta1/projects/kartik-weds-ruby 200
[debug] [2022-07-27T20:42:41.232Z] <<< [apiv2][body] GET https://firebase.googleapis.com/v1beta1/projects/kartik-weds-ruby {"projectId":"kartik-weds-ruby","projectNumber":"101082605650","displayName":"kartik-weds-ruby","name":"projects/kartik-weds-ruby","resources":{"hostingSite":"kartik-weds-ruby"},"state":"ACTIVE","etag":"1_1b2a9ea7-074f-43c3-87ae-a496f0acbcf8"}
[info] 
[info] === Deploying to 'kartik-weds-ruby'...
[info] 
[info] i  deploying hosting 
[debug] [2022-07-27T20:42:41.233Z] >>> [apiv2][query] GET https://firebase.googleapis.com/v1beta1/projects/kartik-weds-ruby [none]
[debug] [2022-07-27T20:42:42.233Z] <<< [apiv2][status] GET https://firebase.googleapis.com/v1beta1/projects/kartik-weds-ruby 200
[debug] [2022-07-27T20:42:42.233Z] <<< [apiv2][body] GET https://firebase.googleapis.com/v1beta1/projects/kartik-weds-ruby {"projectId":"kartik-weds-ruby","projectNumber":"101082605650","displayName":"kartik-weds-ruby","name":"projects/kartik-weds-ruby","resources":{"hostingSite":"kartik-weds-ruby"},"state":"ACTIVE","etag":"1_1b2a9ea7-074f-43c3-87ae-a496f0acbcf8"}
[debug] [2022-07-27T20:42:42.237Z] >>> [apiv2][query] POST https://firebasehosting.googleapis.com/v1beta1/projects/101082605650/sites/kartik-weds-ruby/versions [none]
[debug] [2022-07-27T20:42:42.237Z] >>> [apiv2][body] POST https://firebasehosting.googleapis.com/v1beta1/projects/101082605650/sites/kartik-weds-ruby/versions {"config":{"rewrites":[{"glob":"**","path":"/index.html"}]},"labels":{"deployment-tool":"cli-firebase"}}
[debug] [2022-07-27T20:42:44.279Z] <<< [apiv2][status] POST https://firebasehosting.googleapis.com/v1beta1/projects/101082605650/sites/kartik-weds-ruby/versions 200
[debug] [2022-07-27T20:42:44.280Z] <<< [apiv2][body] POST https://firebasehosting.googleapis.com/v1beta1/projects/101082605650/sites/kartik-weds-ruby/versions {"name":"projects/101082605650/sites/kartik-weds-ruby/versions/7530fc6c0aad1d31","status":"CREATED","config":{"rewrites":[{"glob":"**","path":"/index.html"}]},"labels":{"deployment-tool":"cli-firebase"}}
[info] i  hosting[kartik-weds-ruby]: beginning deploy... 
[info] i  hosting[kartik-weds-ruby]: found 17 files in build 
[debug] [2022-07-27T20:42:44.292Z] [hosting] uploading with 200 concurrency
[debug] [2022-07-27T20:42:44.490Z] [hosting] hash cache [YnVpbGQ] stored for 17 files
[debug] [2022-07-27T20:42:44.491Z] [hosting][hash queue][FINAL] {"max":191,"min":9,"avg":25.41176470588235,"active":0,"complete":17,"success":17,"errored":0,"retried":0,"total":17,"elapsed":197}
[debug] [2022-07-27T20:42:44.491Z] >>> [apiv2][query] POST https://firebasehosting.googleapis.com/v1beta1/projects/101082605650/sites/kartik-weds-ruby/versions/7530fc6c0aad1d31:populateFiles [none]
[debug] [2022-07-27T20:42:44.491Z] >>> [apiv2][body] POST https://firebasehosting.googleapis.com/v1beta1/projects/101082605650/sites/kartik-weds-ruby/versions/7530fc6c0aad1d31:populateFiles {"files":{"/asset-manifest.json":"b66a1b583cf134cabffce8471d1b37dd94bfdd5923843c02fea2e89030dd7140","/logo192.png":"caff018b7f1e8fd481eb1c50d75b0ef236bcd5078b1d15c8bb348453fee30293","/favicon.ico":"b72f7455f00e4e58792d2bca892abb068e2213838c0316d6b7a0d6d16acd1955","/index.html":"0db3e2fc96446fb88928dbcfe183bef28a5c711fe749fca2db0869bb4bae8f49","/static/css/main.8ca695f7.css":"941364c7443600207f3dcb0256d5e22256905d28ca7b3d3e26b9b8b201791075","/manifest.json":"341d52628782f8ac9290bbfc43298afccb47b7cbfcee146ae30cf0f46bc30900","/static/css/main.8ca695f7.css.map":"1d29e231587a8a6dfab657d13397d5971bdc0d876899be80325efb5cbb516110","/robots.txt":"391d14b3c2f8c9143a27a28c7399585142228d4d1bdbe2c87ac946de411fa9a2","/logo512.png":"191fc21360b4ccfb1cda11a1efb97f489ed22672ca83f4064316802bbfdd750e","/static/js/787.4b846e2a.chunk.js":"6a26d1707a2e4345daa0ddfef2912bf8d11eb255246387507d4755db4ce3b99c","/static/js/main.93116c4d.js.LICENSE.txt":"fe16f84ecb2afbff887a1fdc7a38cc55e24b9b375781c9d5d93f6e3298b21186","/static/js/787.4b846e2a.chunk.js.map":"8f6cd5b8e57bf850fb81ef6d039120d74272da90beea6cefed71e7289501306a","/static/media/map.8f307f188c72fa7aa20c.png":"54a50297709e2de93094aa916fec4fc0d786de91385c74f47998fc33b7be1835","/static/media/loc_gif.c442f96f68f60b34f402.gif":"901b38299bc701d75d6ea2466c5ce7ff0f2c61715f266c20b3d8b7391cbe395f","/static/js/main.93116c4d.js":"28493c2fc6f0f78c8a0441605fdd0077625f0d14ed8e7931cd9b4064baa2ff1e","/static/js/main.93116c4d.js.map":"2e1733d64fef7618b57e09cba68c2124737c1c3531278c0da8210d1486eb2a0a","/static/media/cover.b6dacb289985ff4ccfd4.JPG":"14278806a6629d4de1d278529e7ddf0b9d8a3d222e65743a4f4e18ac808ac0ba"}}
[debug] [2022-07-27T20:42:46.530Z] <<< [apiv2][status] POST https://firebasehosting.googleapis.com/v1beta1/projects/101082605650/sites/kartik-weds-ruby/versions/7530fc6c0aad1d31:populateFiles 200
[debug] [2022-07-27T20:42:46.530Z] <<< [apiv2][body] POST https://firebasehosting.googleapis.com/v1beta1/projects/101082605650/sites/kartik-weds-ruby/versions/7530fc6c0aad1d31:populateFiles {"uploadUrl":"https://upload-firebasehosting.googleapis.com/upload/sites/kartik-weds-ruby/versions/7530fc6c0aad1d31/files"}
[debug] [2022-07-27T20:42:46.531Z] [hosting][populate queue][FINAL] {"max":2042,"min":2042,"avg":2042,"active":0,"complete":1,"success":1,"errored":0,"retried":0,"total":1,"elapsed":2042}
[debug] [2022-07-27T20:42:46.531Z] [hosting] uploads queued: 0
[debug] [2022-07-27T20:42:46.531Z] [hosting][upload queue][FINAL] {"max":0,"min":9999999999,"avg":0,"active":0,"complete":0,"success":0,"errored":0,"retried":0,"total":0,"elapsed":1658954566531}
[info] ✔  hosting[kartik-weds-ruby]: file upload complete 
[debug] [2022-07-27T20:42:46.531Z] [hosting] deploy completed after 2250ms
[debug] [2022-07-27T20:42:46.534Z] [
  {
    "config": {
      "public": "build",
      "ignore": [
        "firebase.json",
        "**/.*",
        "**/node_modules/**"
      ],
      "rewrites": [
        {
          "source": "**",
          "destination": "/index.html"
        }
      ],
      "site": "kartik-weds-ruby"
    },
    "site": "kartik-weds-ruby",
    "version": "projects/101082605650/sites/kartik-weds-ruby/versions/7530fc6c0aad1d31"
  }
]
[info] i  hosting[kartik-weds-ruby]: finalizing version... 
[debug] [2022-07-27T20:42:46.535Z] >>> [apiv2][query] PATCH https://firebasehosting.googleapis.com/v1beta1/projects/101082605650/sites/kartik-weds-ruby/versions/7530fc6c0aad1d31 updateMask=status%2Cconfig
[debug] [2022-07-27T20:42:46.535Z] >>> [apiv2][body] PATCH https://firebasehosting.googleapis.com/v1beta1/projects/101082605650/sites/kartik-weds-ruby/versions/7530fc6c0aad1d31 {"status":"FINALIZED","config":{"rewrites":[{"glob":"**","path":"/index.html"}]}}
